{"E:\\projects\\react\\src\\About.jsx": {"path":"E:\\projects\\react\\src\\About.jsx","statementMap":{"0":{"start":{"line":4,"column":2},"end":{"line":8,"column":3}}},"fnMap":{"0":{"name":"About","decl":{"start":{"line":3,"column":9},"end":{"line":3,"column":14}},"loc":{"start":{"line":3,"column":17},"end":{"line":9,"column":1}},"line":3}},"branchMap":{},"s":{"0":1},"f":{"0":1},"b":{},"_coverageSchema":"1a1c01bbd47fc00a2c39e90264f33305004495a9","hash":"7aa9d2e2d58738395bd015cc001d6e503e51384c"}
,"E:\\projects\\react\\src\\App.jsx": {"path":"E:\\projects\\react\\src\\App.jsx","statementMap":{"0":{"start":{"line":11,"column":20},"end":{"line":11,"column":57}},"1":{"start":{"line":11,"column":41},"end":{"line":11,"column":56}},"2":{"start":{"line":13,"column":2},"end":{"line":22,"column":3}}},"fnMap":{"0":{"name":"App","decl":{"start":{"line":10,"column":9},"end":{"line":10,"column":12}},"loc":{"start":{"line":10,"column":15},"end":{"line":23,"column":1}},"line":10},"1":{"name":"(anonymous_1)","decl":{"start":{"line":11,"column":32},"end":{"line":11,"column":33}},"loc":{"start":{"line":11,"column":41},"end":{"line":11,"column":56}},"line":11}},"branchMap":{"0":{"loc":{"start":{"line":18,"column":7},"end":{"line":18,"column":31}},"type":"binary-expr","locations":[{"start":{"line":18,"column":7},"end":{"line":18,"column":16}},{"start":{"line":18,"column":20},"end":{"line":18,"column":31}}],"line":18}},"s":{"0":1,"1":2,"2":1},"f":{"0":1,"1":2},"b":{"0":[1,0]},"_coverageSchema":"1a1c01bbd47fc00a2c39e90264f33305004495a9","hash":"9336ebdd68e66d9d25ace372d370fe2770d2ccf9"}
,"E:\\projects\\react\\src\\Application.jsx": {"path":"E:\\projects\\react\\src\\Application.jsx","statementMap":{"0":{"start":{"line":18,"column":17},"end":{"line":18,"column":30}},"1":{"start":{"line":19,"column":2},"end":{"line":39,"column":6}}},"fnMap":{"0":{"name":"Application","decl":{"start":{"line":17,"column":9},"end":{"line":17,"column":20}},"loc":{"start":{"line":17,"column":23},"end":{"line":40,"column":1}},"line":17}},"branchMap":{},"s":{"0":1,"1":1},"f":{"0":1},"b":{},"_coverageSchema":"1a1c01bbd47fc00a2c39e90264f33305004495a9","hash":"321a4bdc8400df8fbd4909b76a65925b10ba7f7b"}
,"E:\\projects\\react\\src\\Card.jsx": {"path":"E:\\projects\\react\\src\\Card.jsx","statementMap":{"0":{"start":{"line":8,"column":13},"end":{"line":8,"column":65}},"1":{"start":{"line":9,"column":17},"end":{"line":9,"column":42}},"2":{"start":{"line":10,"column":2},"end":{"line":22,"column":3}},"3":{"start":{"line":25,"column":0},"end":{"line":32,"column":2}}},"fnMap":{"0":{"name":"Card","decl":{"start":{"line":7,"column":9},"end":{"line":7,"column":13}},"loc":{"start":{"line":7,"column":76},"end":{"line":23,"column":1}},"line":7}},"branchMap":{"0":{"loc":{"start":{"line":12,"column":16},"end":{"line":12,"column":36}},"type":"binary-expr","locations":[{"start":{"line":12,"column":16},"end":{"line":12,"column":26}},{"start":{"line":12,"column":30},"end":{"line":12,"column":36}}],"line":12}},"s":{"0":1,"1":1,"2":1,"3":3},"f":{"0":1},"b":{"0":[1,1]},"_coverageSchema":"1a1c01bbd47fc00a2c39e90264f33305004495a9","hash":"0c93f454305dea3b8391c6e3ae5f48577f364695"}
,"E:\\projects\\react\\src\\Cards.jsx": {"path":"E:\\projects\\react\\src\\Cards.jsx","statementMap":{"0":{"start":{"line":6,"column":16},"end":{"line":6,"column":58}},"1":{"start":{"line":6,"column":37},"end":{"line":6,"column":57}},"2":{"start":{"line":9,"column":2},"end":{"line":13,"column":3}},"3":{"start":{"line":11,"column":41},"end":{"line":11,"column":69}}},"fnMap":{"0":{"name":"Cards","decl":{"start":{"line":5,"column":9},"end":{"line":5,"column":14}},"loc":{"start":{"line":5,"column":17},"end":{"line":14,"column":1}},"line":5},"1":{"name":"(anonymous_1)","decl":{"start":{"line":6,"column":28},"end":{"line":6,"column":29}},"loc":{"start":{"line":6,"column":37},"end":{"line":6,"column":57}},"line":6},"2":{"name":"(anonymous_2)","decl":{"start":{"line":11,"column":26},"end":{"line":11,"column":27}},"loc":{"start":{"line":11,"column":41},"end":{"line":11,"column":69}},"line":11}},"branchMap":{"0":{"loc":{"start":{"line":11,"column":7},"end":{"line":11,"column":70}},"type":"binary-expr","locations":[{"start":{"line":11,"column":7},"end":{"line":11,"column":12}},{"start":{"line":11,"column":16},"end":{"line":11,"column":70}}],"line":11}},"s":{"0":2,"1":4,"2":2,"3":0},"f":{"0":2,"1":4,"2":0},"b":{"0":[2,0]},"_coverageSchema":"1a1c01bbd47fc00a2c39e90264f33305004495a9","hash":"094722f355044cc6f48ddc3ba45c61d6a0722862"}
,"E:\\projects\\react\\src\\Details.jsx": {"path":"E:\\projects\\react\\src\\Details.jsx","statementMap":{"0":{"start":{"line":11,"column":17},"end":{"line":11,"column":28}},"1":{"start":{"line":12,"column":19},"end":{"line":12,"column":32}},"2":{"start":{"line":13,"column":18},"end":{"line":13,"column":53}},"3":{"start":{"line":13,"column":39},"end":{"line":13,"column":52}},"4":{"start":{"line":14,"column":15},"end":{"line":14,"column":47}},"5":{"start":{"line":14,"column":36},"end":{"line":14,"column":46}},"6":{"start":{"line":15,"column":20},"end":{"line":15,"column":57}},"7":{"start":{"line":15,"column":41},"end":{"line":15,"column":56}},"8":{"start":{"line":16,"column":2},"end":{"line":21,"column":8}},"9":{"start":{"line":17,"column":15},"end":{"line":17,"column":39}},"10":{"start":{"line":18,"column":4},"end":{"line":18,"column":99}},"11":{"start":{"line":18,"column":16},"end":{"line":18,"column":40}},"12":{"start":{"line":18,"column":41},"end":{"line":18,"column":89}},"13":{"start":{"line":18,"column":90},"end":{"line":18,"column":97}},"14":{"start":{"line":19,"column":4},"end":{"line":19,"column":97}},"15":{"start":{"line":20,"column":4},"end":{"line":20,"column":67}},"16":{"start":{"line":20,"column":19},"end":{"line":20,"column":65}},"17":{"start":{"line":23,"column":71},"end":{"line":23,"column":75}},"18":{"start":{"line":24,"column":13},"end":{"line":24,"column":65}},"19":{"start":{"line":25,"column":2},"end":{"line":43,"column":3}}},"fnMap":{"0":{"name":"Details","decl":{"start":{"line":10,"column":9},"end":{"line":10,"column":16}},"loc":{"start":{"line":10,"column":19},"end":{"line":44,"column":1}},"line":10},"1":{"name":"(anonymous_1)","decl":{"start":{"line":13,"column":30},"end":{"line":13,"column":31}},"loc":{"start":{"line":13,"column":39},"end":{"line":13,"column":52}},"line":13},"2":{"name":"(anonymous_2)","decl":{"start":{"line":14,"column":27},"end":{"line":14,"column":28}},"loc":{"start":{"line":14,"column":36},"end":{"line":14,"column":46}},"line":14},"3":{"name":"(anonymous_3)","decl":{"start":{"line":15,"column":32},"end":{"line":15,"column":33}},"loc":{"start":{"line":15,"column":41},"end":{"line":15,"column":56}},"line":15},"4":{"name":"(anonymous_4)","decl":{"start":{"line":16,"column":12},"end":{"line":16,"column":13}},"loc":{"start":{"line":16,"column":18},"end":{"line":21,"column":3}},"line":16},"5":{"name":"(anonymous_5)","decl":{"start":{"line":20,"column":11},"end":{"line":20,"column":12}},"loc":{"start":{"line":20,"column":17},"end":{"line":20,"column":67}},"line":20}},"branchMap":{"0":{"loc":{"start":{"line":18,"column":4},"end":{"line":18,"column":99}},"type":"if","locations":[{"start":{"line":18,"column":4},"end":{"line":18,"column":99}},{"start":{"line":18,"column":4},"end":{"line":18,"column":99}}],"line":18},"1":{"loc":{"start":{"line":27,"column":7},"end":{"line":27,"column":31}},"type":"binary-expr","locations":[{"start":{"line":27,"column":7},"end":{"line":27,"column":16}},{"start":{"line":27,"column":20},"end":{"line":27,"column":31}}],"line":27},"2":{"loc":{"start":{"line":28,"column":7},"end":{"line":41,"column":12}},"type":"binary-expr","locations":[{"start":{"line":28,"column":7},"end":{"line":28,"column":12}},{"start":{"line":28,"column":16},"end":{"line":41,"column":12}}],"line":28},"3":{"loc":{"start":{"line":29,"column":18},"end":{"line":29,"column":38}},"type":"binary-expr","locations":[{"start":{"line":29,"column":18},"end":{"line":29,"column":28}},{"start":{"line":29,"column":32},"end":{"line":29,"column":38}}],"line":29}},"s":{"0":4,"1":4,"2":4,"3":8,"4":4,"5":8,"6":4,"7":8,"8":4,"9":1,"10":1,"11":0,"12":0,"13":0,"14":1,"15":1,"16":1,"17":4,"18":4,"19":4},"f":{"0":4,"1":8,"2":8,"3":8,"4":1,"5":1},"b":{"0":[0,1],"1":[4,2],"2":[4,2],"3":[2,0]},"_coverageSchema":"1a1c01bbd47fc00a2c39e90264f33305004495a9","hash":"27b965093663803896d7917d37c8af505279df37"}
,"E:\\projects\\react\\src\\Error.jsx": {"path":"E:\\projects\\react\\src\\Error.jsx","statementMap":{"0":{"start":{"line":6,"column":2},"end":{"line":16,"column":3}}},"fnMap":{"0":{"name":"Error","decl":{"start":{"line":5,"column":9},"end":{"line":5,"column":14}},"loc":{"start":{"line":5,"column":17},"end":{"line":17,"column":1}},"line":5}},"branchMap":{},"s":{"0":1},"f":{"0":1},"b":{},"_coverageSchema":"1a1c01bbd47fc00a2c39e90264f33305004495a9","hash":"980974550340e98511158a45aabda6cd0518d3b0"}
,"E:\\projects\\react\\src\\Form.jsx": {"path":"E:\\projects\\react\\src\\Form.jsx","statementMap":{"0":{"start":{"line":8,"column":30},"end":{"line":8,"column":42}},"1":{"start":{"line":9,"column":19},"end":{"line":9,"column":32}},"2":{"start":{"line":10,"column":18},"end":{"line":10,"column":53}},"3":{"start":{"line":10,"column":39},"end":{"line":10,"column":52}},"4":{"start":{"line":11,"column":19},"end":{"line":11,"column":55}},"5":{"start":{"line":11,"column":40},"end":{"line":11,"column":54}},"6":{"start":{"line":12,"column":21},"end":{"line":12,"column":59}},"7":{"start":{"line":12,"column":42},"end":{"line":12,"column":58}},"8":{"start":{"line":13,"column":17},"end":{"line":13,"column":51}},"9":{"start":{"line":13,"column":38},"end":{"line":13,"column":50}},"10":{"start":{"line":14,"column":23},"end":{"line":14,"column":63}},"11":{"start":{"line":14,"column":44},"end":{"line":14,"column":62}},"12":{"start":{"line":16,"column":23},"end":{"line":22,"column":3}},"13":{"start":{"line":17,"column":4},"end":{"line":21,"column":5}},"14":{"start":{"line":18,"column":6},"end":{"line":18,"column":17}},"15":{"start":{"line":20,"column":6},"end":{"line":20,"column":18}},"16":{"start":{"line":24,"column":24},"end":{"line":34,"column":3}},"17":{"start":{"line":25,"column":4},"end":{"line":33,"column":5}},"18":{"start":{"line":26,"column":6},"end":{"line":32,"column":7}},"19":{"start":{"line":27,"column":8},"end":{"line":27,"column":41}},"20":{"start":{"line":28,"column":8},"end":{"line":28,"column":14}},"21":{"start":{"line":30,"column":8},"end":{"line":30,"column":69}},"22":{"start":{"line":31,"column":8},"end":{"line":31,"column":160}},"23":{"start":{"line":36,"column":25},"end":{"line":38,"column":3}},"24":{"start":{"line":37,"column":4},"end":{"line":37,"column":29}},"25":{"start":{"line":40,"column":2},"end":{"line":45,"column":3}}},"fnMap":{"0":{"name":"Form","decl":{"start":{"line":7,"column":9},"end":{"line":7,"column":13}},"loc":{"start":{"line":7,"column":16},"end":{"line":46,"column":1}},"line":7},"1":{"name":"(anonymous_1)","decl":{"start":{"line":10,"column":30},"end":{"line":10,"column":31}},"loc":{"start":{"line":10,"column":39},"end":{"line":10,"column":52}},"line":10},"2":{"name":"(anonymous_2)","decl":{"start":{"line":11,"column":31},"end":{"line":11,"column":32}},"loc":{"start":{"line":11,"column":40},"end":{"line":11,"column":54}},"line":11},"3":{"name":"(anonymous_3)","decl":{"start":{"line":12,"column":33},"end":{"line":12,"column":34}},"loc":{"start":{"line":12,"column":42},"end":{"line":12,"column":58}},"line":12},"4":{"name":"(anonymous_4)","decl":{"start":{"line":13,"column":29},"end":{"line":13,"column":30}},"loc":{"start":{"line":13,"column":38},"end":{"line":13,"column":50}},"line":13},"5":{"name":"(anonymous_5)","decl":{"start":{"line":14,"column":35},"end":{"line":14,"column":36}},"loc":{"start":{"line":14,"column":44},"end":{"line":14,"column":62}},"line":14},"6":{"name":"(anonymous_6)","decl":{"start":{"line":16,"column":23},"end":{"line":16,"column":24}},"loc":{"start":{"line":16,"column":29},"end":{"line":22,"column":3}},"line":16},"7":{"name":"(anonymous_7)","decl":{"start":{"line":24,"column":24},"end":{"line":24,"column":25}},"loc":{"start":{"line":24,"column":31},"end":{"line":34,"column":3}},"line":24},"8":{"name":"(anonymous_8)","decl":{"start":{"line":36,"column":25},"end":{"line":36,"column":26}},"loc":{"start":{"line":36,"column":32},"end":{"line":38,"column":3}},"line":36}},"branchMap":{"0":{"loc":{"start":{"line":17,"column":4},"end":{"line":21,"column":5}},"type":"if","locations":[{"start":{"line":17,"column":4},"end":{"line":21,"column":5}},{"start":{"line":17,"column":4},"end":{"line":21,"column":5}}],"line":17},"1":{"loc":{"start":{"line":25,"column":4},"end":{"line":33,"column":5}},"type":"if","locations":[{"start":{"line":25,"column":4},"end":{"line":33,"column":5}},{"start":{"line":25,"column":4},"end":{"line":33,"column":5}}],"line":25},"2":{"loc":{"start":{"line":26,"column":6},"end":{"line":32,"column":7}},"type":"if","locations":[{"start":{"line":26,"column":6},"end":{"line":32,"column":7}},{"start":{"line":26,"column":6},"end":{"line":32,"column":7}}],"line":26}},"s":{"0":6,"1":6,"2":6,"3":8,"4":6,"5":8,"6":6,"7":8,"8":6,"9":8,"10":6,"11":8,"12":6,"13":0,"14":0,"15":0,"16":6,"17":4,"18":0,"19":0,"20":0,"21":0,"22":0,"23":6,"24":4,"25":6},"f":{"0":6,"1":8,"2":8,"3":8,"4":8,"5":8,"6":0,"7":4,"8":4},"b":{"0":[0,0],"1":[0,4],"2":[0,0]},"_coverageSchema":"1a1c01bbd47fc00a2c39e90264f33305004495a9","hash":"f515de0d06f442d1690b08fd02e6775bd8f41d43"}
,"E:\\projects\\react\\src\\Header.jsx": {"path":"E:\\projects\\react\\src\\Header.jsx","statementMap":{"0":{"start":{"line":6,"column":2},"end":{"line":24,"column":3}}},"fnMap":{"0":{"name":"Header","decl":{"start":{"line":5,"column":9},"end":{"line":5,"column":15}},"loc":{"start":{"line":5,"column":18},"end":{"line":25,"column":1}},"line":5}},"branchMap":{},"s":{"0":2},"f":{"0":2},"b":{},"_coverageSchema":"1a1c01bbd47fc00a2c39e90264f33305004495a9","hash":"7a3f2ec687f8ba0d2d3647d4a607be7811a7802d"}
,"E:\\projects\\react\\src\\PaginationComponent.jsx": {"path":"E:\\projects\\react\\src\\PaginationComponent.jsx","statementMap":{"0":{"start":{"line":7,"column":39},"end":{"line":7,"column":51}},"1":{"start":{"line":8,"column":35},"end":{"line":8,"column":47}},"2":{"start":{"line":9,"column":19},"end":{"line":9,"column":32}},"3":{"start":{"line":10,"column":18},"end":{"line":10,"column":53}},"4":{"start":{"line":10,"column":39},"end":{"line":10,"column":52}},"5":{"start":{"line":11,"column":19},"end":{"line":11,"column":55}},"6":{"start":{"line":11,"column":40},"end":{"line":11,"column":54}},"7":{"start":{"line":12,"column":21},"end":{"line":12,"column":59}},"8":{"start":{"line":12,"column":42},"end":{"line":12,"column":58}},"9":{"start":{"line":13,"column":17},"end":{"line":13,"column":51}},"10":{"start":{"line":13,"column":38},"end":{"line":13,"column":50}},"11":{"start":{"line":14,"column":23},"end":{"line":14,"column":69}},"12":{"start":{"line":14,"column":44},"end":{"line":14,"column":68}},"13":{"start":{"line":15,"column":23},"end":{"line":15,"column":63}},"14":{"start":{"line":15,"column":44},"end":{"line":15,"column":62}},"15":{"start":{"line":18,"column":2},"end":{"line":20,"column":23}},"16":{"start":{"line":19,"column":4},"end":{"line":19,"column":46}},"17":{"start":{"line":20,"column":11},"end":{"line":20,"column":21}},"18":{"start":{"line":22,"column":29},"end":{"line":35,"column":3}},"19":{"start":{"line":23,"column":4},"end":{"line":34,"column":5}},"20":{"start":{"line":24,"column":6},"end":{"line":24,"column":39}},"21":{"start":{"line":25,"column":6},"end":{"line":25,"column":12}},"22":{"start":{"line":27,"column":6},"end":{"line":32,"column":7}},"23":{"start":{"line":28,"column":8},"end":{"line":28,"column":28}},"24":{"start":{"line":30,"column":8},"end":{"line":30,"column":78}},"25":{"start":{"line":31,"column":8},"end":{"line":31,"column":14}},"26":{"start":{"line":37,"column":27},"end":{"line":50,"column":3}},"27":{"start":{"line":38,"column":4},"end":{"line":49,"column":5}},"28":{"start":{"line":39,"column":6},"end":{"line":39,"column":39}},"29":{"start":{"line":40,"column":6},"end":{"line":40,"column":12}},"30":{"start":{"line":42,"column":6},"end":{"line":47,"column":7}},"31":{"start":{"line":43,"column":8},"end":{"line":43,"column":26}},"32":{"start":{"line":45,"column":8},"end":{"line":45,"column":78}},"33":{"start":{"line":46,"column":8},"end":{"line":46,"column":14}},"34":{"start":{"line":52,"column":27},"end":{"line":57,"column":3}},"35":{"start":{"line":53,"column":4},"end":{"line":56,"column":5}},"36":{"start":{"line":54,"column":6},"end":{"line":54,"column":74}},"37":{"start":{"line":55,"column":6},"end":{"line":55,"column":158}},"38":{"start":{"line":59,"column":25},"end":{"line":64,"column":3}},"39":{"start":{"line":60,"column":4},"end":{"line":63,"column":5}},"40":{"start":{"line":61,"column":6},"end":{"line":61,"column":70}},"41":{"start":{"line":62,"column":6},"end":{"line":62,"column":158}},"42":{"start":{"line":67,"column":2},"end":{"line":83,"column":3}}},"fnMap":{"0":{"name":"PaginationComponent","decl":{"start":{"line":6,"column":9},"end":{"line":6,"column":28}},"loc":{"start":{"line":6,"column":31},"end":{"line":84,"column":1}},"line":6},"1":{"name":"(anonymous_1)","decl":{"start":{"line":10,"column":30},"end":{"line":10,"column":31}},"loc":{"start":{"line":10,"column":39},"end":{"line":10,"column":52}},"line":10},"2":{"name":"(anonymous_2)","decl":{"start":{"line":11,"column":31},"end":{"line":11,"column":32}},"loc":{"start":{"line":11,"column":40},"end":{"line":11,"column":54}},"line":11},"3":{"name":"(anonymous_3)","decl":{"start":{"line":12,"column":33},"end":{"line":12,"column":34}},"loc":{"start":{"line":12,"column":42},"end":{"line":12,"column":58}},"line":12},"4":{"name":"(anonymous_4)","decl":{"start":{"line":13,"column":29},"end":{"line":13,"column":30}},"loc":{"start":{"line":13,"column":38},"end":{"line":13,"column":50}},"line":13},"5":{"name":"(anonymous_5)","decl":{"start":{"line":14,"column":35},"end":{"line":14,"column":36}},"loc":{"start":{"line":14,"column":44},"end":{"line":14,"column":68}},"line":14},"6":{"name":"(anonymous_6)","decl":{"start":{"line":15,"column":35},"end":{"line":15,"column":36}},"loc":{"start":{"line":15,"column":44},"end":{"line":15,"column":62}},"line":15},"7":{"name":"(anonymous_7)","decl":{"start":{"line":22,"column":29},"end":{"line":22,"column":30}},"loc":{"start":{"line":22,"column":56},"end":{"line":35,"column":3}},"line":22},"8":{"name":"(anonymous_8)","decl":{"start":{"line":37,"column":27},"end":{"line":37,"column":28}},"loc":{"start":{"line":37,"column":54},"end":{"line":50,"column":3}},"line":37},"9":{"name":"(anonymous_9)","decl":{"start":{"line":52,"column":27},"end":{"line":52,"column":28}},"loc":{"start":{"line":52,"column":33},"end":{"line":57,"column":3}},"line":52},"10":{"name":"(anonymous_10)","decl":{"start":{"line":59,"column":25},"end":{"line":59,"column":26}},"loc":{"start":{"line":59,"column":31},"end":{"line":64,"column":3}},"line":59}},"branchMap":{"0":{"loc":{"start":{"line":18,"column":2},"end":{"line":20,"column":23}},"type":"if","locations":[{"start":{"line":18,"column":2},"end":{"line":20,"column":23}},{"start":{"line":18,"column":2},"end":{"line":20,"column":23}}],"line":18},"1":{"loc":{"start":{"line":23,"column":4},"end":{"line":34,"column":5}},"type":"if","locations":[{"start":{"line":23,"column":4},"end":{"line":34,"column":5}},{"start":{"line":23,"column":4},"end":{"line":34,"column":5}}],"line":23},"2":{"loc":{"start":{"line":27,"column":6},"end":{"line":32,"column":7}},"type":"if","locations":[{"start":{"line":27,"column":6},"end":{"line":32,"column":7}},{"start":{"line":27,"column":6},"end":{"line":32,"column":7}}],"line":27},"3":{"loc":{"start":{"line":38,"column":4},"end":{"line":49,"column":5}},"type":"if","locations":[{"start":{"line":38,"column":4},"end":{"line":49,"column":5}},{"start":{"line":38,"column":4},"end":{"line":49,"column":5}}],"line":38},"4":{"loc":{"start":{"line":42,"column":6},"end":{"line":47,"column":7}},"type":"if","locations":[{"start":{"line":42,"column":6},"end":{"line":47,"column":7}},{"start":{"line":42,"column":6},"end":{"line":47,"column":7}}],"line":42},"5":{"loc":{"start":{"line":53,"column":4},"end":{"line":56,"column":5}},"type":"if","locations":[{"start":{"line":53,"column":4},"end":{"line":56,"column":5}},{"start":{"line":53,"column":4},"end":{"line":56,"column":5}}],"line":53},"6":{"loc":{"start":{"line":60,"column":4},"end":{"line":63,"column":5}},"type":"if","locations":[{"start":{"line":60,"column":4},"end":{"line":63,"column":5}},{"start":{"line":60,"column":4},"end":{"line":63,"column":5}}],"line":60}},"s":{"0":1,"1":1,"2":1,"3":1,"4":2,"5":1,"6":2,"7":1,"8":2,"9":1,"10":2,"11":1,"12":2,"13":1,"14":2,"15":1,"16":0,"17":1,"18":1,"19":0,"20":0,"21":0,"22":0,"23":0,"24":0,"25":0,"26":1,"27":0,"28":0,"29":0,"30":0,"31":0,"32":0,"33":0,"34":1,"35":0,"36":0,"37":0,"38":1,"39":0,"40":0,"41":0,"42":1},"f":{"0":1,"1":2,"2":2,"3":2,"4":2,"5":2,"6":2,"7":0,"8":0,"9":0,"10":0},"b":{"0":[0,1],"1":[0,0],"2":[0,0],"3":[0,0],"4":[0,0],"5":[0,0],"6":[0,0]},"_coverageSchema":"1a1c01bbd47fc00a2c39e90264f33305004495a9","hash":"420982d69d6aa0e9184ada48b55031ebf6a80b4c"}
,"E:\\projects\\react\\src\\SortComponent.jsx": {"path":"E:\\projects\\react\\src\\SortComponent.jsx","statementMap":{"0":{"start":{"line":7,"column":19},"end":{"line":7,"column":32}},"1":{"start":{"line":8,"column":23},"end":{"line":8,"column":63}},"2":{"start":{"line":8,"column":44},"end":{"line":8,"column":62}},"3":{"start":{"line":9,"column":18},"end":{"line":9,"column":53}},"4":{"start":{"line":9,"column":39},"end":{"line":9,"column":52}},"5":{"start":{"line":10,"column":19},"end":{"line":10,"column":55}},"6":{"start":{"line":10,"column":40},"end":{"line":10,"column":54}},"7":{"start":{"line":11,"column":21},"end":{"line":11,"column":59}},"8":{"start":{"line":11,"column":42},"end":{"line":11,"column":58}},"9":{"start":{"line":12,"column":17},"end":{"line":12,"column":51}},"10":{"start":{"line":12,"column":38},"end":{"line":12,"column":50}},"11":{"start":{"line":14,"column":25},"end":{"line":22,"column":3}},"12":{"start":{"line":15,"column":4},"end":{"line":21,"column":5}},"13":{"start":{"line":16,"column":6},"end":{"line":16,"column":39}},"14":{"start":{"line":17,"column":6},"end":{"line":17,"column":12}},"15":{"start":{"line":19,"column":6},"end":{"line":19,"column":56}},"16":{"start":{"line":20,"column":6},"end":{"line":20,"column":158}},"17":{"start":{"line":23,"column":2},"end":{"line":41,"column":3}}},"fnMap":{"0":{"name":"SortComponent","decl":{"start":{"line":6,"column":9},"end":{"line":6,"column":22}},"loc":{"start":{"line":6,"column":25},"end":{"line":42,"column":1}},"line":6},"1":{"name":"(anonymous_1)","decl":{"start":{"line":8,"column":35},"end":{"line":8,"column":36}},"loc":{"start":{"line":8,"column":44},"end":{"line":8,"column":62}},"line":8},"2":{"name":"(anonymous_2)","decl":{"start":{"line":9,"column":30},"end":{"line":9,"column":31}},"loc":{"start":{"line":9,"column":39},"end":{"line":9,"column":52}},"line":9},"3":{"name":"(anonymous_3)","decl":{"start":{"line":10,"column":31},"end":{"line":10,"column":32}},"loc":{"start":{"line":10,"column":40},"end":{"line":10,"column":54}},"line":10},"4":{"name":"(anonymous_4)","decl":{"start":{"line":11,"column":33},"end":{"line":11,"column":34}},"loc":{"start":{"line":11,"column":42},"end":{"line":11,"column":58}},"line":11},"5":{"name":"(anonymous_5)","decl":{"start":{"line":12,"column":29},"end":{"line":12,"column":30}},"loc":{"start":{"line":12,"column":38},"end":{"line":12,"column":50}},"line":12},"6":{"name":"(anonymous_6)","decl":{"start":{"line":14,"column":25},"end":{"line":14,"column":26}},"loc":{"start":{"line":14,"column":52},"end":{"line":22,"column":3}},"line":14}},"branchMap":{"0":{"loc":{"start":{"line":15,"column":4},"end":{"line":21,"column":5}},"type":"if","locations":[{"start":{"line":15,"column":4},"end":{"line":21,"column":5}},{"start":{"line":15,"column":4},"end":{"line":21,"column":5}}],"line":15}},"s":{"0":1,"1":1,"2":2,"3":1,"4":2,"5":1,"6":2,"7":1,"8":2,"9":1,"10":2,"11":1,"12":0,"13":0,"14":0,"15":0,"16":0,"17":1},"f":{"0":1,"1":2,"2":2,"3":2,"4":2,"5":2,"6":0},"b":{"0":[0,0]},"_coverageSchema":"1a1c01bbd47fc00a2c39e90264f33305004495a9","hash":"3221ef9423302169169e1e79ee2d662da57d6ffa"}
,"E:\\projects\\react\\src\\Spinner.jsx": {"path":"E:\\projects\\react\\src\\Spinner.jsx","statementMap":{"0":{"start":{"line":4,"column":2},"end":{"line":10,"column":3}}},"fnMap":{"0":{"name":"Spinner","decl":{"start":{"line":3,"column":9},"end":{"line":3,"column":16}},"loc":{"start":{"line":3,"column":19},"end":{"line":11,"column":1}},"line":3}},"branchMap":{},"s":{"0":3},"f":{"0":3},"b":{},"_coverageSchema":"1a1c01bbd47fc00a2c39e90264f33305004495a9","hash":"e50bbb27830c3ef631cedf5a48033690dbe20ccc"}
,"E:\\projects\\react\\src\\actions.js": {"path":"E:\\projects\\react\\src\\actions.js","statementMap":{"0":{"start":{"line":8,"column":25},"end":{"line":23,"column":1}},"1":{"start":{"line":9,"column":2},"end":{"line":22,"column":3}},"2":{"start":{"line":10,"column":4},"end":{"line":10,"column":34}},"3":{"start":{"line":11,"column":4},"end":{"line":21,"column":8}},"4":{"start":{"line":12,"column":24},"end":{"line":12,"column":39}},"5":{"start":{"line":14,"column":8},"end":{"line":14,"column":67}},"6":{"start":{"line":15,"column":8},"end":{"line":15,"column":66}},"7":{"start":{"line":16,"column":8},"end":{"line":16,"column":34}},"8":{"start":{"line":19,"column":8},"end":{"line":19,"column":26}},"9":{"start":{"line":20,"column":8},"end":{"line":20,"column":34}},"10":{"start":{"line":25,"column":28},"end":{"line":39,"column":1}},"11":{"start":{"line":26,"column":2},"end":{"line":38,"column":3}},"12":{"start":{"line":27,"column":4},"end":{"line":27,"column":34}},"13":{"start":{"line":28,"column":4},"end":{"line":37,"column":8}},"14":{"start":{"line":29,"column":24},"end":{"line":29,"column":39}},"15":{"start":{"line":31,"column":8},"end":{"line":31,"column":54}},"16":{"start":{"line":32,"column":8},"end":{"line":32,"column":34}},"17":{"start":{"line":35,"column":8},"end":{"line":35,"column":26}},"18":{"start":{"line":36,"column":8},"end":{"line":36,"column":34}}},"fnMap":{"0":{"name":"(anonymous_0)","decl":{"start":{"line":8,"column":25},"end":{"line":8,"column":26}},"loc":{"start":{"line":8,"column":38},"end":{"line":23,"column":1}},"line":8},"1":{"name":"(anonymous_1)","decl":{"start":{"line":9,"column":9},"end":{"line":9,"column":10}},"loc":{"start":{"line":9,"column":21},"end":{"line":22,"column":3}},"line":9},"2":{"name":"(anonymous_2)","decl":{"start":{"line":12,"column":12},"end":{"line":12,"column":13}},"loc":{"start":{"line":12,"column":24},"end":{"line":12,"column":39}},"line":12},"3":{"name":"(anonymous_3)","decl":{"start":{"line":13,"column":12},"end":{"line":13,"column":13}},"loc":{"start":{"line":13,"column":20},"end":{"line":17,"column":7}},"line":13},"4":{"name":"(anonymous_4)","decl":{"start":{"line":18,"column":13},"end":{"line":18,"column":14}},"loc":{"start":{"line":18,"column":22},"end":{"line":21,"column":7}},"line":18},"5":{"name":"(anonymous_5)","decl":{"start":{"line":25,"column":28},"end":{"line":25,"column":29}},"loc":{"start":{"line":25,"column":35},"end":{"line":39,"column":1}},"line":25},"6":{"name":"(anonymous_6)","decl":{"start":{"line":26,"column":9},"end":{"line":26,"column":10}},"loc":{"start":{"line":26,"column":21},"end":{"line":38,"column":3}},"line":26},"7":{"name":"(anonymous_7)","decl":{"start":{"line":29,"column":12},"end":{"line":29,"column":13}},"loc":{"start":{"line":29,"column":24},"end":{"line":29,"column":39}},"line":29},"8":{"name":"(anonymous_8)","decl":{"start":{"line":30,"column":12},"end":{"line":30,"column":13}},"loc":{"start":{"line":30,"column":20},"end":{"line":33,"column":7}},"line":30},"9":{"name":"(anonymous_9)","decl":{"start":{"line":34,"column":13},"end":{"line":34,"column":14}},"loc":{"start":{"line":34,"column":22},"end":{"line":37,"column":7}},"line":34}},"branchMap":{},"s":{"0":3,"1":1,"2":1,"3":1,"4":1,"5":1,"6":1,"7":1,"8":0,"9":0,"10":3,"11":0,"12":0,"13":0,"14":0,"15":0,"16":0,"17":0,"18":0},"f":{"0":1,"1":1,"2":1,"3":1,"4":0,"5":0,"6":0,"7":0,"8":0,"9":0},"b":{},"_coverageSchema":"1a1c01bbd47fc00a2c39e90264f33305004495a9","hash":"d35dddd0108aa967fe76233079645476772b7c01"}
,"E:\\projects\\react\\src\\constants.js": {"path":"E:\\projects\\react\\src\\constants.js","statementMap":{"0":{"start":{"line":1,"column":28},"end":{"line":1,"column":42}},"1":{"start":{"line":2,"column":26},"end":{"line":2,"column":38}},"2":{"start":{"line":3,"column":22},"end":{"line":3,"column":30}},"3":{"start":{"line":4,"column":27},"end":{"line":4,"column":40}},"4":{"start":{"line":5,"column":33},"end":{"line":5,"column":52}},"5":{"start":{"line":6,"column":30},"end":{"line":6,"column":46}},"6":{"start":{"line":7,"column":34},"end":{"line":7,"column":54}},"7":{"start":{"line":8,"column":32},"end":{"line":8,"column":50}}},"fnMap":{},"branchMap":{},"s":{"0":5,"1":5,"2":5,"3":5,"4":5,"5":5,"6":5,"7":5},"f":{},"b":{},"_coverageSchema":"1a1c01bbd47fc00a2c39e90264f33305004495a9","hash":"5e06a7161be81f3ea70f09aea30824f44fe3dec1"}
,"E:\\projects\\react\\src\\main.jsx": {"path":"E:\\projects\\react\\src\\main.jsx","statementMap":{"0":{"start":{"line":10,"column":0},"end":{"line":19,"column":1}}},"fnMap":{},"branchMap":{},"s":{"0":0},"f":{},"b":{}}
,"E:\\projects\\react\\src\\reducer.js": {"path":"E:\\projects\\react\\src\\reducer.js","statementMap":{"0":{"start":{"line":12,"column":18},"end":{"line":21,"column":1}},"1":{"start":{"line":24,"column":4},"end":{"line":51,"column":5}},"2":{"start":{"line":26,"column":12},"end":{"line":26,"column":49}},"3":{"start":{"line":27,"column":12},"end":{"line":27,"column":18}},"4":{"start":{"line":29,"column":12},"end":{"line":29,"column":50}},"5":{"start":{"line":30,"column":12},"end":{"line":30,"column":18}},"6":{"start":{"line":32,"column":12},"end":{"line":32,"column":54}},"7":{"start":{"line":33,"column":12},"end":{"line":33,"column":18}},"8":{"start":{"line":35,"column":12},"end":{"line":35,"column":55}},"9":{"start":{"line":36,"column":12},"end":{"line":36,"column":18}},"10":{"start":{"line":38,"column":12},"end":{"line":38,"column":62}},"11":{"start":{"line":39,"column":12},"end":{"line":39,"column":18}},"12":{"start":{"line":41,"column":12},"end":{"line":41,"column":56}},"13":{"start":{"line":42,"column":12},"end":{"line":42,"column":18}},"14":{"start":{"line":44,"column":12},"end":{"line":44,"column":58}},"15":{"start":{"line":45,"column":12},"end":{"line":45,"column":18}},"16":{"start":{"line":47,"column":12},"end":{"line":47,"column":60}},"17":{"start":{"line":48,"column":12},"end":{"line":48,"column":18}},"18":{"start":{"line":50,"column":12},"end":{"line":50,"column":25}}},"fnMap":{"0":{"name":"(anonymous_0)","decl":{"start":{"line":23,"column":15},"end":{"line":23,"column":16}},"loc":{"start":{"line":23,"column":39},"end":{"line":52,"column":1}},"line":23}},"branchMap":{"0":{"loc":{"start":{"line":23,"column":16},"end":{"line":23,"column":26}},"type":"default-arg","locations":[{"start":{"line":23,"column":24},"end":{"line":23,"column":26}}],"line":23},"1":{"loc":{"start":{"line":24,"column":4},"end":{"line":51,"column":5}},"type":"switch","locations":[{"start":{"line":25,"column":8},"end":{"line":27,"column":18}},{"start":{"line":28,"column":8},"end":{"line":30,"column":18}},{"start":{"line":31,"column":8},"end":{"line":33,"column":18}},{"start":{"line":34,"column":8},"end":{"line":36,"column":18}},{"start":{"line":37,"column":8},"end":{"line":39,"column":18}},{"start":{"line":40,"column":8},"end":{"line":42,"column":18}},{"start":{"line":43,"column":8},"end":{"line":45,"column":18}},{"start":{"line":46,"column":8},"end":{"line":48,"column":18}},{"start":{"line":49,"column":8},"end":{"line":50,"column":25}}],"line":24}},"s":{"0":5,"1":22,"2":2,"3":0,"4":2,"5":0,"6":2,"7":0,"8":0,"9":0,"10":1,"11":0,"12":1,"13":0,"14":1,"15":0,"16":1,"17":0,"18":12},"f":{"0":22},"b":{"0":[4],"1":[2,2,2,0,1,1,1,1,12]},"_coverageSchema":"1a1c01bbd47fc00a2c39e90264f33305004495a9","hash":"637bc4f76cabdc166edc8228e04e3851b85a15c5"}
,"E:\\projects\\react\\src\\store.js": {"path":"E:\\projects\\react\\src\\store.js","statementMap":{"0":{"start":{"line":6,"column":21},"end":{"line":6,"column":86}}},"fnMap":{},"branchMap":{},"s":{"0":4},"f":{},"b":{},"_coverageSchema":"1a1c01bbd47fc00a2c39e90264f33305004495a9","hash":"351c642693b83a340c5d6ddd45bfe70e9c79372b"}
}
